# JRE version: Java(TM) SE Runtime Environment (8.0_92-b14) (build 1.8.0_92-b14)
# Java VM: Java HotSpot(TM) 64-Bit Server VM (25.92-b14 mixed mode windows-amd64 compressed oops)
Heap:
 PSYoungGen      total 319488K, used 100110K [0x00000000eab00000, 0x0000000100000000, 0x0000000100000000)
  eden space 291840K, 27% used [0x00000000eab00000,0x00000000efac3ab0,0x00000000fc800000)
  from space 27648K, 66% used [0x00000000fe500000,0x00000000ff700020,0x0000000100000000)
  to   space 28672K, 0% used [0x00000000fc800000,0x00000000fc800000,0x00000000fe400000)
 ParOldGen       total 90624K, used 44719K [0x00000000c0000000, 0x00000000c5880000, 0x00000000eab00000)
  object space 90624K, 49% used [0x00000000c0000000,0x00000000c2babc70,0x00000000c5880000)
 Metaspace       used 64205K, capacity 66920K, committed 67456K, reserved 1107968K
  class space    used 8212K, capacity 8741K, committed 8832K, reserved 1048576K
GC Heap History (10 events):
Event: 2584.006 GC heap before
{Heap before GC invocations=27 (full 7):
 PSYoungGen      total 311296K, used 105660K [0x00000000eab00000, 0x0000000100000000, 0x0000000100000000)
  eden space 290816K, 29% used [0x00000000eab00000,0x00000000efe473f0,0x00000000fc700000)
  from space 20480K, 99% used [0x00000000fc700000,0x00000000fdae8000,0x00000000fdb00000)
  to   space 30720K, 0% used [0x00000000fe200000,0x00000000fe200000,0x0000000100000000)
 ParOldGen       total 90624K, used 33958K [0x00000000c0000000, 0x00000000c5880000, 0x00000000eab00000)
  object space 90624K, 37% used [0x00000000c0000000,0x00000000c2129898,0x00000000c5880000)
 Metaspace       used 63369K, capacity 65326K, committed 66944K, reserved 1107968K
  class space    used 8091K, capacity 8536K, committed 8832K, reserved 1048576K
Event: 2584.021 GC heap after
Heap after GC invocations=27 (full 7):
 PSYoungGen      total 320000K, used 12036K [0x00000000eab00000, 0x0000000100000000, 0x0000000100000000)
  eden space 289280K, 0% used [0x00000000eab00000,0x00000000eab00000,0x00000000fc580000)
  from space 30720K, 39% used [0x00000000fe200000,0x00000000fedc10d0,0x0000000100000000)
  to   space 29184K, 0% used [0x00000000fc580000,0x00000000fc580000,0x00000000fe200000)
 ParOldGen       total 90624K, used 33966K [0x00000000c0000000, 0x00000000c5880000, 0x00000000eab00000)
  object space 90624K, 37% used [0x00000000c0000000,0x00000000c212b898,0x00000000c5880000)
 Metaspace       used 63369K, capacity 65326K, committed 66944K, reserved 1107968K
  class space    used 8091K, capacity 8536K, committed 8832K, reserved 1048576K
}
Event: 2584.021 GC heap before
{Heap before GC invocations=28 (full 8):
 PSYoungGen      total 320000K, used 12036K [0x00000000eab00000, 0x0000000100000000, 0x0000000100000000)
  eden space 289280K, 0% used [0x00000000eab00000,0x00000000eab00000,0x00000000fc580000)
  from space 30720K, 39% used [0x00000000fe200000,0x00000000fedc10d0,0x0000000100000000)
  to   space 29184K, 0% used [0x00000000fc580000,0x00000000fc580000,0x00000000fe200000)
 ParOldGen       total 90624K, used 33966K [0x00000000c0000000, 0x00000000c5880000, 0x00000000eab00000)
  object space 90624K, 37% used [0x00000000c0000000,0x00000000c212b898,0x00000000c5880000)
 Metaspace       used 63369K, capacity 65326K, committed 66944K, reserved 1107968K
  class space    used 8091K, capacity 8536K, committed 8832K, reserved 1048576K
Event: 2584.389 GC heap after
Heap after GC invocations=28 (full 8):
 PSYoungGen      total 320000K, used 0K [0x00000000eab00000, 0x0000000100000000, 0x0000000100000000)
  eden space 289280K, 0% used [0x00000000eab00000,0x00000000eab00000,0x00000000fc580000)
  from space 30720K, 0% used [0x00000000fe200000,0x00000000fe200000,0x0000000100000000)
  to   space 29184K, 0% used [0x00000000fc580000,0x00000000fc580000,0x00000000fe200000)
 ParOldGen       total 90624K, used 43062K [0x00000000c0000000, 0x00000000c5880000, 0x00000000eab00000)
  object space 90624K, 47% used [0x00000000c0000000,0x00000000c2a0d978,0x00000000c5880000)
 Metaspace       used 63342K, capacity 65238K, committed 66944K, reserved 1107968K
  class space    used 8083K, capacity 8528K, committed 8832K, reserved 1048576K
}
Event: 4079.537 GC heap before
{Heap before GC invocations=29 (full 8):
 PSYoungGen      total 320000K, used 238957K [0x00000000eab00000, 0x0000000100000000, 0x0000000100000000)
  eden space 289280K, 82% used [0x00000000eab00000,0x00000000f945b750,0x00000000fc580000)
  from space 30720K, 0% used [0x00000000fe200000,0x00000000fe200000,0x0000000100000000)
  to   space 29184K, 0% used [0x00000000fc580000,0x00000000fc580000,0x00000000fe200000)
 ParOldGen       total 90624K, used 43062K [0x00000000c0000000, 0x00000000c5880000, 0x00000000eab00000)
  object space 90624K, 47% used [0x00000000c0000000,0x00000000c2a0d978,0x00000000c5880000)
 Metaspace       used 64077K, capacity 66706K, committed 67200K, reserved 1107968K
  class space    used 8211K, capacity 8754K, committed 8832K, reserved 1048576K
Event: 4079.860 GC heap after
Heap after GC invocations=29 (full 8):
 PSYoungGen      total 318464K, used 9879K [0x00000000eab00000, 0x0000000100000000, 0x0000000100000000)
  eden space 289280K, 0% used [0x00000000eab00000,0x00000000eab00000,0x00000000fc580000)
  from space 29184K, 33% used [0x00000000fc580000,0x00000000fcf25e40,0x00000000fe200000)
  to   space 27648K, 0% used [0x00000000fe500000,0x00000000fe500000,0x0000000100000000)
 ParOldGen       total 90624K, used 43070K [0x00000000c0000000, 0x00000000c5880000, 0x00000000eab00000)
  object space 90624K, 47% used [0x00000000c0000000,0x00000000c2a0f978,0x00000000c5880000)
 Metaspace       used 64077K, capacity 66706K, committed 67200K, reserved 1107968K
  class space    used 8211K, capacity 8754K, committed 8832K, reserved 1048576K
}
Event: 4079.860 GC heap before
{Heap before GC invocations=30 (full 9):
 PSYoungGen      total 318464K, used 9879K [0x00000000eab00000, 0x0000000100000000, 0x0000000100000000)
  eden space 289280K, 0% used [0x00000000eab00000,0x00000000eab00000,0x00000000fc580000)
  from space 29184K, 33% used [0x00000000fc580000,0x00000000fcf25e40,0x00000000fe200000)
  to   space 27648K, 0% used [0x00000000fe500000,0x00000000fe500000,0x0000000100000000)
 ParOldGen       total 90624K, used 43070K [0x00000000c0000000, 0x00000000c5880000, 0x00000000eab00000)
  object space 90624K, 47% used [0x00000000c0000000,0x00000000c2a0f978,0x00000000c5880000)
 Metaspace       used 64077K, capacity 66706K, committed 67200K, reserved 1107968K
  class space    used 8211K, capacity 8754K, committed 8832K, reserved 1048576K
Event: 4081.301 GC heap after
Heap after GC invocations=30 (full 9):
 PSYoungGen      total 318464K, used 0K [0x00000000eab00000, 0x0000000100000000, 0x0000000100000000)
  eden space 289280K, 0% used [0x00000000eab00000,0x00000000eab00000,0x00000000fc580000)
  from space 29184K, 0% used [0x00000000fc580000,0x00000000fc580000,0x00000000fe200000)
  to   space 27648K, 0% used [0x00000000fe500000,0x00000000fe500000,0x0000000100000000)
 ParOldGen       total 90624K, used 44711K [0x00000000c0000000, 0x00000000c5880000, 0x00000000eab00000)
  object space 90624K, 49% used [0x00000000c0000000,0x00000000c2ba9c70,0x00000000c5880000)
 Metaspace       used 63357K, capacity 65374K, committed 67200K, reserved 1107968K
  class space    used 8043K, capacity 8435K, committed 8832K, reserved 1048576K
}
Event: 4326.843 GC heap before
{Heap before GC invocations=31 (full 9):
 PSYoungGen      total 318464K, used 289280K [0x00000000eab00000, 0x0000000100000000, 0x0000000100000000)
  eden space 289280K, 100% used [0x00000000eab00000,0x00000000fc580000,0x00000000fc580000)
  from space 29184K, 0% used [0x00000000fc580000,0x00000000fc580000,0x00000000fe200000)
  to   space 27648K, 0% used [0x00000000fe500000,0x00000000fe500000,0x0000000100000000)
 ParOldGen       total 90624K, used 44711K [0x00000000c0000000, 0x00000000c5880000, 0x00000000eab00000)
  object space 90624K, 49% used [0x00000000c0000000,0x00000000c2ba9c70,0x00000000c5880000)
 Metaspace       used 64180K, capacity 66920K, committed 67456K, reserved 1107968K
  class space    used 8212K, capacity 8741K, committed 8832K, reserved 1048576K
Event: 4327.658 GC heap after
Heap after GC invocations=31 (full 9):
 PSYoungGen      total 319488K, used 18432K [0x00000000eab00000, 0x0000000100000000, 0x0000000100000000)
  eden space 291840K, 0% used [0x00000000eab00000,0x00000000eab00000,0x00000000fc800000)
  from space 27648K, 66% used [0x00000000fe500000,0x00000000ff700020,0x0000000100000000)
  to   space 28672K, 0% used [0x00000000fc800000,0x00000000fc800000,0x00000000fe400000)
 ParOldGen       total 90624K, used 44719K [0x00000000c0000000, 0x00000000c5880000, 0x00000000eab00000)
  object space 90624K, 49% used [0x00000000c0000000,0x00000000c2babc70,0x00000000c5880000)
 Metaspace       used 64180K, capacity 66920K, committed 67456K, reserved 1107968K
  class space    used 8212K, capacity 8741K, committed 8832K, reserved 1048576K
}

